{"log_level":"debug","ts":"2022-12-03 19:55:49.944 CST","caller":"gcron/gcron_entry.go:196","msg":"cron job \"github.com/zhwei820/gcron_test.TestCron_Entry_Operations.func1(* * * * * *)\" starts","component":"test","x_request_id":null}
{"log_level":"debug","ts":"2022-12-03 19:55:49.945 CST","caller":"gcron/gcron_entry.go:196","msg":"cron job \"github.com/zhwei820/gcron_test.TestCron_Entry_Operations.func1(* * * * * *)\" ends","component":"test","x_request_id":null}
{"log_level":"debug","ts":"2022-12-03 19:55:50.944 CST","caller":"gcron/gcron_entry.go:196","msg":"cron job \"github.com/zhwei820/gcron_test.TestCron_Entry_Operations.func1(* * * * * *)\" starts","component":"test","x_request_id":null}
{"log_level":"debug","ts":"2022-12-03 19:55:50.944 CST","caller":"gcron/gcron_entry.go:196","msg":"cron job \"github.com/zhwei820/gcron_test.TestCron_Entry_Operations.func1(* * * * * *)\" ends","component":"test","x_request_id":null}
{"log_level":"debug","ts":"2022-12-03 19:55:53.244 CST","caller":"gcron/gcron_entry.go:196","msg":"cron job \"github.com/zhwei820/gcron_test.TestCron_Entry_Operations.func2(* * * * * *)\" starts","component":"test","x_request_id":null}
{"log_level":"debug","ts":"2022-12-03 19:55:53.244 CST","caller":"gcron/gcron_entry.go:196","msg":"cron job \"github.com/zhwei820/gcron_test.TestCron_Entry_Operations.func2(* * * * * *)\" ends","component":"test","x_request_id":null}
{"log_level":"info","ts":"2022-12-03 19:55:59.244 CST","caller":"gcron/gcron_schedule_fix.go:45","msg":"too much delay, last timestamp \"1670068553\", current \"1670068559\"","component":"test","x_request_id":null}
{"log_level":"debug","ts":"2022-12-03 19:55:59.244 CST","caller":"gcron/gcron_entry.go:196","msg":"cron job \"github.com/zhwei820/gcron_test.TestCron_Entry_Operations.func2(* * * * * *)\" starts","component":"test","x_request_id":null}
{"log_level":"debug","ts":"2022-12-03 19:55:59.244 CST","caller":"gcron/gcron_entry.go:196","msg":"cron job \"github.com/zhwei820/gcron_test.TestCron_Entry_Operations.func2(* * * * * *)\" ends","component":"test","x_request_id":null}
{"log_level":"debug","ts":"2022-12-03 19:57:52.746 CST","caller":"gcron/gcron_entry.go:196","msg":"cron job \"github.com/zhwei820/gcron_test.Test_cronAddSingleton.func1(* * * * * *)\" starts","component":"test","x_request_id":null}
{"log_level":"info","ts":"2022-12-03 19:57:52.746 CST","caller":"gcron/gcron_z_example_1_test.go:21","msg":"doing","component":"test","x_request_id":null}
{"log_level":"debug","ts":"2022-12-03 19:57:53.246 CST","caller":"gcron/gcron_entry.go:196","msg":"cron job \"github.com/zhwei820/gcron_test.Test_cronAddSingleton.func1(* * * * * *)\" ends","component":"test","x_request_id":null}
{"log_level":"debug","ts":"2022-12-03 19:57:53.746 CST","caller":"gcron/gcron_entry.go:196","msg":"cron job \"github.com/zhwei820/gcron_test.Test_cronAddSingleton.func1(* * * * * *)\" starts","component":"test","x_request_id":null}
{"log_level":"info","ts":"2022-12-03 19:57:53.746 CST","caller":"gcron/gcron_z_example_1_test.go:21","msg":"doing","component":"test","x_request_id":null}
{"log_level":"debug","ts":"2022-12-03 19:57:54.247 CST","caller":"gcron/gcron_entry.go:196","msg":"cron job \"github.com/zhwei820/gcron_test.Test_cronAddSingleton.func1(* * * * * *)\" ends","component":"test","x_request_id":null}
{"log_level":"debug","ts":"2022-12-03 19:57:54.745 CST","caller":"gcron/gcron_entry.go:196","msg":"cron job \"github.com/zhwei820/gcron_test.Test_cronAddSingleton.func1(* * * * * *)\" starts","component":"test","x_request_id":null}
{"log_level":"info","ts":"2022-12-03 19:57:54.745 CST","caller":"gcron/gcron_z_example_1_test.go:21","msg":"doing","component":"test","x_request_id":null}
{"log_level":"debug","ts":"2022-12-03 19:57:55.246 CST","caller":"gcron/gcron_entry.go:196","msg":"cron job \"github.com/zhwei820/gcron_test.Test_cronAddSingleton.func1(* * * * * *)\" ends","component":"test","x_request_id":null}
{"log_level":"debug","ts":"2022-12-03 19:57:55.745 CST","caller":"gcron/gcron_entry.go:196","msg":"cron job \"github.com/zhwei820/gcron_test.Test_cronAddSingleton.func1(* * * * * *)\" starts","component":"test","x_request_id":null}
{"log_level":"info","ts":"2022-12-03 19:57:55.745 CST","caller":"gcron/gcron_z_example_1_test.go:21","msg":"doing","component":"test","x_request_id":null}
{"log_level":"debug","ts":"2022-12-03 19:57:56.246 CST","caller":"gcron/gcron_entry.go:196","msg":"cron job \"github.com/zhwei820/gcron_test.Test_cronAddSingleton.func1(* * * * * *)\" ends","component":"test","x_request_id":null}
{"log_level":"debug","ts":"2022-12-03 19:57:56.745 CST","caller":"gcron/gcron_entry.go:196","msg":"cron job \"github.com/zhwei820/gcron_test.Test_cronAddSingleton.func1(* * * * * *)\" starts","component":"test","x_request_id":null}
{"log_level":"info","ts":"2022-12-03 19:57:56.745 CST","caller":"gcron/gcron_z_example_1_test.go:21","msg":"doing","component":"test","x_request_id":null}
{"log_level":"debug","ts":"2022-12-03 19:57:57.247 CST","caller":"gcron/gcron_entry.go:196","msg":"cron job \"github.com/zhwei820/gcron_test.Test_cronAddSingleton.func1(* * * * * *)\" ends","component":"test","x_request_id":null}
{"log_level":"debug","ts":"2022-12-03 19:57:57.745 CST","caller":"gcron/gcron_entry.go:196","msg":"cron job \"github.com/zhwei820/gcron_test.Test_cronAddSingleton.func1(* * * * * *)\" starts","component":"test","x_request_id":null}
{"log_level":"info","ts":"2022-12-03 19:57:57.745 CST","caller":"gcron/gcron_z_example_1_test.go:21","msg":"doing","component":"test","x_request_id":null}
{"log_level":"debug","ts":"2022-12-03 19:57:58.246 CST","caller":"gcron/gcron_entry.go:196","msg":"cron job \"github.com/zhwei820/gcron_test.Test_cronAddSingleton.func1(* * * * * *)\" ends","component":"test","x_request_id":null}
{"log_level":"debug","ts":"2022-12-03 19:57:58.746 CST","caller":"gcron/gcron_entry.go:196","msg":"cron job \"github.com/zhwei820/gcron_test.Test_cronAddSingleton.func1(* * * * * *)\" starts","component":"test","x_request_id":null}
{"log_level":"info","ts":"2022-12-03 19:57:58.746 CST","caller":"gcron/gcron_z_example_1_test.go:21","msg":"doing","component":"test","x_request_id":null}
{"log_level":"debug","ts":"2022-12-03 19:57:59.246 CST","caller":"gcron/gcron_entry.go:196","msg":"cron job \"github.com/zhwei820/gcron_test.Test_cronAddSingleton.func1(* * * * * *)\" ends","component":"test","x_request_id":null}
{"log_level":"debug","ts":"2022-12-03 19:57:59.745 CST","caller":"gcron/gcron_entry.go:196","msg":"cron job \"github.com/zhwei820/gcron_test.Test_cronAddSingleton.func1(* * * * * *)\" starts","component":"test","x_request_id":null}
{"log_level":"info","ts":"2022-12-03 19:57:59.745 CST","caller":"gcron/gcron_z_example_1_test.go:21","msg":"doing","component":"test","x_request_id":null}
{"log_level":"debug","ts":"2022-12-03 19:58:00.246 CST","caller":"gcron/gcron_entry.go:196","msg":"cron job \"github.com/zhwei820/gcron_test.Test_cronAddSingleton.func1(* * * * * *)\" ends","component":"test","x_request_id":null}
{"log_level":"debug","ts":"2022-12-03 19:58:00.745 CST","caller":"gcron/gcron_entry.go:196","msg":"cron job \"github.com/zhwei820/gcron_test.Test_cronAddSingleton.func1(* * * * * *)\" starts","component":"test","x_request_id":null}
{"log_level":"info","ts":"2022-12-03 19:58:00.746 CST","caller":"gcron/gcron_z_example_1_test.go:21","msg":"doing","component":"test","x_request_id":null}
{"log_level":"debug","ts":"2022-12-03 19:58:01.246 CST","caller":"gcron/gcron_entry.go:196","msg":"cron job \"github.com/zhwei820/gcron_test.Test_cronAddSingleton.func1(* * * * * *)\" ends","component":"test","x_request_id":null}
{"log_level":"debug","ts":"2022-12-03 19:58:01.745 CST","caller":"gcron/gcron_entry.go:196","msg":"cron job \"github.com/zhwei820/gcron_test.Test_cronAddSingleton.func1(* * * * * *)\" starts","component":"test","x_request_id":null}
{"log_level":"info","ts":"2022-12-03 19:58:01.745 CST","caller":"gcron/gcron_z_example_1_test.go:21","msg":"doing","component":"test","x_request_id":null}
{"log_level":"debug","ts":"2022-12-03 19:58:02.246 CST","caller":"gcron/gcron_entry.go:196","msg":"cron job \"github.com/zhwei820/gcron_test.Test_cronAddSingleton.func1(* * * * * *)\" ends","component":"test","x_request_id":null}
{"log_level":"debug","ts":"2022-12-03 19:58:02.745 CST","caller":"gcron/gcron_entry.go:196","msg":"cron job \"github.com/zhwei820/gcron_test.Test_cronAddSingleton.func1(* * * * * *)\" starts","component":"test","x_request_id":null}
{"log_level":"info","ts":"2022-12-03 19:58:02.745 CST","caller":"gcron/gcron_z_example_1_test.go:21","msg":"doing","component":"test","x_request_id":null}
{"log_level":"debug","ts":"2022-12-03 19:58:03.245 CST","caller":"gcron/gcron_entry.go:196","msg":"cron job \"github.com/zhwei820/gcron_test.Test_cronAddSingleton.func1(* * * * * *)\" ends","component":"test","x_request_id":null}
{"log_level":"debug","ts":"2022-12-03 19:58:03.745 CST","caller":"gcron/gcron_entry.go:196","msg":"cron job \"github.com/zhwei820/gcron_test.Test_cronAddSingleton.func1(* * * * * *)\" starts","component":"test","x_request_id":null}
{"log_level":"info","ts":"2022-12-03 19:58:03.745 CST","caller":"gcron/gcron_z_example_1_test.go:21","msg":"doing","component":"test","x_request_id":null}
{"log_level":"debug","ts":"2022-12-03 19:58:04.246 CST","caller":"gcron/gcron_entry.go:196","msg":"cron job \"github.com/zhwei820/gcron_test.Test_cronAddSingleton.func1(* * * * * *)\" ends","component":"test","x_request_id":null}
{"log_level":"debug","ts":"2022-12-03 19:58:04.745 CST","caller":"gcron/gcron_entry.go:196","msg":"cron job \"github.com/zhwei820/gcron_test.Test_cronAddSingleton.func1(* * * * * *)\" starts","component":"test","x_request_id":null}
{"log_level":"info","ts":"2022-12-03 19:58:04.745 CST","caller":"gcron/gcron_z_example_1_test.go:21","msg":"doing","component":"test","x_request_id":null}
{"log_level":"debug","ts":"2022-12-03 19:58:05.246 CST","caller":"gcron/gcron_entry.go:196","msg":"cron job \"github.com/zhwei820/gcron_test.Test_cronAddSingleton.func1(* * * * * *)\" ends","component":"test","x_request_id":null}
{"log_level":"debug","ts":"2022-12-03 19:58:05.746 CST","caller":"gcron/gcron_entry.go:196","msg":"cron job \"github.com/zhwei820/gcron_test.Test_cronAddSingleton.func1(* * * * * *)\" starts","component":"test","x_request_id":null}
{"log_level":"info","ts":"2022-12-03 19:58:05.746 CST","caller":"gcron/gcron_z_example_1_test.go:21","msg":"doing","component":"test","x_request_id":null}
{"log_level":"debug","ts":"2022-12-03 19:58:06.247 CST","caller":"gcron/gcron_entry.go:196","msg":"cron job \"github.com/zhwei820/gcron_test.Test_cronAddSingleton.func1(* * * * * *)\" ends","component":"test","x_request_id":null}
{"log_level":"debug","ts":"2022-12-03 19:58:06.745 CST","caller":"gcron/gcron_entry.go:196","msg":"cron job \"github.com/zhwei820/gcron_test.Test_cronAddSingleton.func1(* * * * * *)\" starts","component":"test","x_request_id":null}
{"log_level":"info","ts":"2022-12-03 19:58:06.745 CST","caller":"gcron/gcron_z_example_1_test.go:21","msg":"doing","component":"test","x_request_id":null}
{"log_level":"debug","ts":"2022-12-03 19:58:07.246 CST","caller":"gcron/gcron_entry.go:196","msg":"cron job \"github.com/zhwei820/gcron_test.Test_cronAddSingleton.func1(* * * * * *)\" ends","component":"test","x_request_id":null}
{"log_level":"debug","ts":"2022-12-03 19:58:07.746 CST","caller":"gcron/gcron_entry.go:196","msg":"cron job \"github.com/zhwei820/gcron_test.Test_cronAddSingleton.func1(* * * * * *)\" starts","component":"test","x_request_id":null}
{"log_level":"info","ts":"2022-12-03 19:58:07.746 CST","caller":"gcron/gcron_z_example_1_test.go:21","msg":"doing","component":"test","x_request_id":null}
{"log_level":"debug","ts":"2022-12-03 19:58:08.247 CST","caller":"gcron/gcron_entry.go:196","msg":"cron job \"github.com/zhwei820/gcron_test.Test_cronAddSingleton.func1(* * * * * *)\" ends","component":"test","x_request_id":null}
{"log_level":"debug","ts":"2022-12-03 19:58:08.745 CST","caller":"gcron/gcron_entry.go:196","msg":"cron job \"github.com/zhwei820/gcron_test.Test_cronAddSingleton.func1(* * * * * *)\" starts","component":"test","x_request_id":null}
{"log_level":"info","ts":"2022-12-03 19:58:08.745 CST","caller":"gcron/gcron_z_example_1_test.go:21","msg":"doing","component":"test","x_request_id":null}
{"log_level":"debug","ts":"2022-12-03 19:58:09.245 CST","caller":"gcron/gcron_entry.go:196","msg":"cron job \"github.com/zhwei820/gcron_test.Test_cronAddSingleton.func1(* * * * * *)\" ends","component":"test","x_request_id":null}
{"log_level":"debug","ts":"2022-12-03 19:58:09.746 CST","caller":"gcron/gcron_entry.go:196","msg":"cron job \"github.com/zhwei820/gcron_test.Test_cronAddSingleton.func1(* * * * * *)\" starts","component":"test","x_request_id":null}
{"log_level":"info","ts":"2022-12-03 19:58:09.746 CST","caller":"gcron/gcron_z_example_1_test.go:21","msg":"doing","component":"test","x_request_id":null}
{"log_level":"debug","ts":"2022-12-03 19:58:10.246 CST","caller":"gcron/gcron_entry.go:196","msg":"cron job \"github.com/zhwei820/gcron_test.Test_cronAddSingleton.func1(* * * * * *)\" ends","component":"test","x_request_id":null}
{"log_level":"debug","ts":"2022-12-03 19:58:10.745 CST","caller":"gcron/gcron_entry.go:196","msg":"cron job \"github.com/zhwei820/gcron_test.Test_cronAddSingleton.func1(* * * * * *)\" starts","component":"test","x_request_id":null}
{"log_level":"info","ts":"2022-12-03 19:58:10.746 CST","caller":"gcron/gcron_z_example_1_test.go:21","msg":"doing","component":"test","x_request_id":null}
{"log_level":"debug","ts":"2022-12-03 19:58:11.247 CST","caller":"gcron/gcron_entry.go:196","msg":"cron job \"github.com/zhwei820/gcron_test.Test_cronAddSingleton.func1(* * * * * *)\" ends","component":"test","x_request_id":null}
{"log_level":"debug","ts":"2022-12-03 19:58:11.745 CST","caller":"gcron/gcron_entry.go:196","msg":"cron job \"github.com/zhwei820/gcron_test.Test_cronAddSingleton.func1(* * * * * *)\" starts","component":"test","x_request_id":null}
{"log_level":"info","ts":"2022-12-03 19:58:11.745 CST","caller":"gcron/gcron_z_example_1_test.go:21","msg":"doing","component":"test","x_request_id":null}
{"log_level":"debug","ts":"2022-12-03 19:58:12.246 CST","caller":"gcron/gcron_entry.go:196","msg":"cron job \"github.com/zhwei820/gcron_test.Test_cronAddSingleton.func1(* * * * * *)\" ends","component":"test","x_request_id":null}
{"log_level":"debug","ts":"2022-12-03 19:58:12.745 CST","caller":"gcron/gcron_entry.go:196","msg":"cron job \"github.com/zhwei820/gcron_test.Test_cronAddSingleton.func1(* * * * * *)\" starts","component":"test","x_request_id":null}
{"log_level":"info","ts":"2022-12-03 19:58:12.745 CST","caller":"gcron/gcron_z_example_1_test.go:21","msg":"doing","component":"test","x_request_id":null}
{"log_level":"debug","ts":"2022-12-03 19:58:13.246 CST","caller":"gcron/gcron_entry.go:196","msg":"cron job \"github.com/zhwei820/gcron_test.Test_cronAddSingleton.func1(* * * * * *)\" ends","component":"test","x_request_id":null}
{"log_level":"debug","ts":"2022-12-03 19:58:13.745 CST","caller":"gcron/gcron_entry.go:196","msg":"cron job \"github.com/zhwei820/gcron_test.Test_cronAddSingleton.func1(* * * * * *)\" starts","component":"test","x_request_id":null}
{"log_level":"info","ts":"2022-12-03 19:58:13.745 CST","caller":"gcron/gcron_z_example_1_test.go:21","msg":"doing","component":"test","x_request_id":null}
{"log_level":"debug","ts":"2022-12-03 19:58:14.246 CST","caller":"gcron/gcron_entry.go:196","msg":"cron job \"github.com/zhwei820/gcron_test.Test_cronAddSingleton.func1(* * * * * *)\" ends","component":"test","x_request_id":null}
{"log_level":"debug","ts":"2022-12-03 19:58:14.745 CST","caller":"gcron/gcron_entry.go:196","msg":"cron job \"github.com/zhwei820/gcron_test.Test_cronAddSingleton.func1(* * * * * *)\" starts","component":"test","x_request_id":null}
{"log_level":"info","ts":"2022-12-03 19:58:14.745 CST","caller":"gcron/gcron_z_example_1_test.go:21","msg":"doing","component":"test","x_request_id":null}
{"log_level":"debug","ts":"2022-12-03 19:58:15.246 CST","caller":"gcron/gcron_entry.go:196","msg":"cron job \"github.com/zhwei820/gcron_test.Test_cronAddSingleton.func1(* * * * * *)\" ends","component":"test","x_request_id":null}
{"log_level":"debug","ts":"2022-12-03 19:58:15.745 CST","caller":"gcron/gcron_entry.go:196","msg":"cron job \"github.com/zhwei820/gcron_test.Test_cronAddSingleton.func1(* * * * * *)\" starts","component":"test","x_request_id":null}
{"log_level":"info","ts":"2022-12-03 19:58:15.745 CST","caller":"gcron/gcron_z_example_1_test.go:21","msg":"doing","component":"test","x_request_id":null}
{"log_level":"debug","ts":"2022-12-03 19:58:16.246 CST","caller":"gcron/gcron_entry.go:196","msg":"cron job \"github.com/zhwei820/gcron_test.Test_cronAddSingleton.func1(* * * * * *)\" ends","component":"test","x_request_id":null}
{"log_level":"debug","ts":"2022-12-03 19:58:16.745 CST","caller":"gcron/gcron_entry.go:196","msg":"cron job \"github.com/zhwei820/gcron_test.Test_cronAddSingleton.func1(* * * * * *)\" starts","component":"test","x_request_id":null}
{"log_level":"info","ts":"2022-12-03 19:58:16.745 CST","caller":"gcron/gcron_z_example_1_test.go:21","msg":"doing","component":"test","x_request_id":null}
{"log_level":"debug","ts":"2022-12-03 19:58:17.245 CST","caller":"gcron/gcron_entry.go:196","msg":"cron job \"github.com/zhwei820/gcron_test.Test_cronAddSingleton.func1(* * * * * *)\" ends","component":"test","x_request_id":null}
{"log_level":"debug","ts":"2022-12-03 19:58:17.746 CST","caller":"gcron/gcron_entry.go:196","msg":"cron job \"github.com/zhwei820/gcron_test.Test_cronAddSingleton.func1(* * * * * *)\" starts","component":"test","x_request_id":null}
{"log_level":"info","ts":"2022-12-03 19:58:17.746 CST","caller":"gcron/gcron_z_example_1_test.go:21","msg":"doing","component":"test","x_request_id":null}
{"log_level":"debug","ts":"2022-12-03 19:58:18.247 CST","caller":"gcron/gcron_entry.go:196","msg":"cron job \"github.com/zhwei820/gcron_test.Test_cronAddSingleton.func1(* * * * * *)\" ends","component":"test","x_request_id":null}
{"log_level":"debug","ts":"2022-12-03 19:58:18.745 CST","caller":"gcron/gcron_entry.go:196","msg":"cron job \"github.com/zhwei820/gcron_test.Test_cronAddSingleton.func1(* * * * * *)\" starts","component":"test","x_request_id":null}
{"log_level":"info","ts":"2022-12-03 19:58:18.745 CST","caller":"gcron/gcron_z_example_1_test.go:21","msg":"doing","component":"test","x_request_id":null}
{"log_level":"debug","ts":"2022-12-03 19:58:19.246 CST","caller":"gcron/gcron_entry.go:196","msg":"cron job \"github.com/zhwei820/gcron_test.Test_cronAddSingleton.func1(* * * * * *)\" ends","component":"test","x_request_id":null}
{"log_level":"debug","ts":"2022-12-03 19:58:19.746 CST","caller":"gcron/gcron_entry.go:196","msg":"cron job \"github.com/zhwei820/gcron_test.Test_cronAddSingleton.func1(* * * * * *)\" starts","component":"test","x_request_id":null}
{"log_level":"info","ts":"2022-12-03 19:58:19.746 CST","caller":"gcron/gcron_z_example_1_test.go:21","msg":"doing","component":"test","x_request_id":null}
{"log_level":"debug","ts":"2022-12-03 19:58:20.246 CST","caller":"gcron/gcron_entry.go:196","msg":"cron job \"github.com/zhwei820/gcron_test.Test_cronAddSingleton.func1(* * * * * *)\" ends","component":"test","x_request_id":null}
{"log_level":"debug","ts":"2022-12-03 19:58:20.745 CST","caller":"gcron/gcron_entry.go:196","msg":"cron job \"github.com/zhwei820/gcron_test.Test_cronAddSingleton.func1(* * * * * *)\" starts","component":"test","x_request_id":null}
{"log_level":"info","ts":"2022-12-03 19:58:20.745 CST","caller":"gcron/gcron_z_example_1_test.go:21","msg":"doing","component":"test","x_request_id":null}
{"log_level":"debug","ts":"2022-12-03 19:58:21.246 CST","caller":"gcron/gcron_entry.go:196","msg":"cron job \"github.com/zhwei820/gcron_test.Test_cronAddSingleton.func1(* * * * * *)\" ends","component":"test","x_request_id":null}
{"log_level":"debug","ts":"2022-12-03 19:58:21.745 CST","caller":"gcron/gcron_entry.go:196","msg":"cron job \"github.com/zhwei820/gcron_test.Test_cronAddSingleton.func1(* * * * * *)\" starts","component":"test","x_request_id":null}
{"log_level":"info","ts":"2022-12-03 19:58:21.745 CST","caller":"gcron/gcron_z_example_1_test.go:21","msg":"doing","component":"test","x_request_id":null}
{"log_level":"debug","ts":"2022-12-03 19:58:22.246 CST","caller":"gcron/gcron_entry.go:196","msg":"cron job \"github.com/zhwei820/gcron_test.Test_cronAddSingleton.func1(* * * * * *)\" ends","component":"test","x_request_id":null}
{"log_level":"debug","ts":"2022-12-03 19:58:22.745 CST","caller":"gcron/gcron_entry.go:196","msg":"cron job \"github.com/zhwei820/gcron_test.Test_cronAddSingleton.func1(* * * * * *)\" starts","component":"test","x_request_id":null}
{"log_level":"info","ts":"2022-12-03 19:58:22.745 CST","caller":"gcron/gcron_z_example_1_test.go:21","msg":"doing","component":"test","x_request_id":null}
{"log_level":"debug","ts":"2022-12-03 19:58:23.246 CST","caller":"gcron/gcron_entry.go:196","msg":"cron job \"github.com/zhwei820/gcron_test.Test_cronAddSingleton.func1(* * * * * *)\" ends","component":"test","x_request_id":null}
{"log_level":"debug","ts":"2022-12-03 19:58:23.745 CST","caller":"gcron/gcron_entry.go:196","msg":"cron job \"github.com/zhwei820/gcron_test.Test_cronAddSingleton.func1(* * * * * *)\" starts","component":"test","x_request_id":null}
{"log_level":"info","ts":"2022-12-03 19:58:23.745 CST","caller":"gcron/gcron_z_example_1_test.go:21","msg":"doing","component":"test","x_request_id":null}
{"log_level":"debug","ts":"2022-12-03 19:58:24.246 CST","caller":"gcron/gcron_entry.go:196","msg":"cron job \"github.com/zhwei820/gcron_test.Test_cronAddSingleton.func1(* * * * * *)\" ends","component":"test","x_request_id":null}
{"log_level":"debug","ts":"2022-12-03 19:58:24.746 CST","caller":"gcron/gcron_entry.go:196","msg":"cron job \"github.com/zhwei820/gcron_test.Test_cronAddSingleton.func1(* * * * * *)\" starts","component":"test","x_request_id":null}
{"log_level":"info","ts":"2022-12-03 19:58:24.746 CST","caller":"gcron/gcron_z_example_1_test.go:21","msg":"doing","component":"test","x_request_id":null}
{"log_level":"debug","ts":"2022-12-03 19:58:25.247 CST","caller":"gcron/gcron_entry.go:196","msg":"cron job \"github.com/zhwei820/gcron_test.Test_cronAddSingleton.func1(* * * * * *)\" ends","component":"test","x_request_id":null}
{"log_level":"debug","ts":"2022-12-03 19:58:25.745 CST","caller":"gcron/gcron_entry.go:196","msg":"cron job \"github.com/zhwei820/gcron_test.Test_cronAddSingleton.func1(* * * * * *)\" starts","component":"test","x_request_id":null}
{"log_level":"info","ts":"2022-12-03 19:58:25.745 CST","caller":"gcron/gcron_z_example_1_test.go:21","msg":"doing","component":"test","x_request_id":null}
{"log_level":"debug","ts":"2022-12-03 19:58:26.246 CST","caller":"gcron/gcron_entry.go:196","msg":"cron job \"github.com/zhwei820/gcron_test.Test_cronAddSingleton.func1(* * * * * *)\" ends","component":"test","x_request_id":null}
{"log_level":"debug","ts":"2022-12-03 19:58:26.746 CST","caller":"gcron/gcron_entry.go:196","msg":"cron job \"github.com/zhwei820/gcron_test.Test_cronAddSingleton.func1(* * * * * *)\" starts","component":"test","x_request_id":null}
{"log_level":"info","ts":"2022-12-03 19:58:26.746 CST","caller":"gcron/gcron_z_example_1_test.go:21","msg":"doing","component":"test","x_request_id":null}
{"log_level":"debug","ts":"2022-12-03 19:58:27.246 CST","caller":"gcron/gcron_entry.go:196","msg":"cron job \"github.com/zhwei820/gcron_test.Test_cronAddSingleton.func1(* * * * * *)\" ends","component":"test","x_request_id":null}
{"log_level":"debug","ts":"2022-12-03 19:58:27.745 CST","caller":"gcron/gcron_entry.go:196","msg":"cron job \"github.com/zhwei820/gcron_test.Test_cronAddSingleton.func1(* * * * * *)\" starts","component":"test","x_request_id":null}
{"log_level":"info","ts":"2022-12-03 19:58:27.745 CST","caller":"gcron/gcron_z_example_1_test.go:21","msg":"doing","component":"test","x_request_id":null}
{"log_level":"debug","ts":"2022-12-03 19:58:28.246 CST","caller":"gcron/gcron_entry.go:196","msg":"cron job \"github.com/zhwei820/gcron_test.Test_cronAddSingleton.func1(* * * * * *)\" ends","component":"test","x_request_id":null}
{"log_level":"debug","ts":"2022-12-03 19:58:28.745 CST","caller":"gcron/gcron_entry.go:196","msg":"cron job \"github.com/zhwei820/gcron_test.Test_cronAddSingleton.func1(* * * * * *)\" starts","component":"test","x_request_id":null}
{"log_level":"info","ts":"2022-12-03 19:58:28.745 CST","caller":"gcron/gcron_z_example_1_test.go:21","msg":"doing","component":"test","x_request_id":null}
{"log_level":"debug","ts":"2022-12-03 19:58:29.246 CST","caller":"gcron/gcron_entry.go:196","msg":"cron job \"github.com/zhwei820/gcron_test.Test_cronAddSingleton.func1(* * * * * *)\" ends","component":"test","x_request_id":null}
{"log_level":"debug","ts":"2022-12-03 19:58:29.746 CST","caller":"gcron/gcron_entry.go:196","msg":"cron job \"github.com/zhwei820/gcron_test.Test_cronAddSingleton.func1(* * * * * *)\" starts","component":"test","x_request_id":null}
{"log_level":"info","ts":"2022-12-03 19:58:29.746 CST","caller":"gcron/gcron_z_example_1_test.go:21","msg":"doing","component":"test","x_request_id":null}
{"log_level":"debug","ts":"2022-12-03 19:58:30.247 CST","caller":"gcron/gcron_entry.go:196","msg":"cron job \"github.com/zhwei820/gcron_test.Test_cronAddSingleton.func1(* * * * * *)\" ends","component":"test","x_request_id":null}
{"log_level":"debug","ts":"2022-12-03 19:58:30.746 CST","caller":"gcron/gcron_entry.go:196","msg":"cron job \"github.com/zhwei820/gcron_test.Test_cronAddSingleton.func1(* * * * * *)\" starts","component":"test","x_request_id":null}
{"log_level":"info","ts":"2022-12-03 19:58:30.746 CST","caller":"gcron/gcron_z_example_1_test.go:21","msg":"doing","component":"test","x_request_id":null}
{"log_level":"debug","ts":"2022-12-03 19:58:31.246 CST","caller":"gcron/gcron_entry.go:196","msg":"cron job \"github.com/zhwei820/gcron_test.Test_cronAddSingleton.func1(* * * * * *)\" ends","component":"test","x_request_id":null}
{"log_level":"debug","ts":"2022-12-03 19:58:31.745 CST","caller":"gcron/gcron_entry.go:196","msg":"cron job \"github.com/zhwei820/gcron_test.Test_cronAddSingleton.func1(* * * * * *)\" starts","component":"test","x_request_id":null}
{"log_level":"info","ts":"2022-12-03 19:58:31.745 CST","caller":"gcron/gcron_z_example_1_test.go:21","msg":"doing","component":"test","x_request_id":null}
{"log_level":"debug","ts":"2022-12-03 19:58:32.246 CST","caller":"gcron/gcron_entry.go:196","msg":"cron job \"github.com/zhwei820/gcron_test.Test_cronAddSingleton.func1(* * * * * *)\" ends","component":"test","x_request_id":null}
{"log_level":"debug","ts":"2022-12-03 19:58:32.745 CST","caller":"gcron/gcron_entry.go:196","msg":"cron job \"github.com/zhwei820/gcron_test.Test_cronAddSingleton.func1(* * * * * *)\" starts","component":"test","x_request_id":null}
{"log_level":"info","ts":"2022-12-03 19:58:32.745 CST","caller":"gcron/gcron_z_example_1_test.go:21","msg":"doing","component":"test","x_request_id":null}
{"log_level":"debug","ts":"2022-12-03 19:58:33.246 CST","caller":"gcron/gcron_entry.go:196","msg":"cron job \"github.com/zhwei820/gcron_test.Test_cronAddSingleton.func1(* * * * * *)\" ends","component":"test","x_request_id":null}
{"log_level":"debug","ts":"2022-12-03 19:58:33.745 CST","caller":"gcron/gcron_entry.go:196","msg":"cron job \"github.com/zhwei820/gcron_test.Test_cronAddSingleton.func1(* * * * * *)\" starts","component":"test","x_request_id":null}
{"log_level":"info","ts":"2022-12-03 19:58:33.745 CST","caller":"gcron/gcron_z_example_1_test.go:21","msg":"doing","component":"test","x_request_id":null}
{"log_level":"debug","ts":"2022-12-03 19:58:34.245 CST","caller":"gcron/gcron_entry.go:196","msg":"cron job \"github.com/zhwei820/gcron_test.Test_cronAddSingleton.func1(* * * * * *)\" ends","component":"test","x_request_id":null}
{"log_level":"debug","ts":"2022-12-03 19:58:34.745 CST","caller":"gcron/gcron_entry.go:196","msg":"cron job \"github.com/zhwei820/gcron_test.Test_cronAddSingleton.func1(* * * * * *)\" starts","component":"test","x_request_id":null}
{"log_level":"info","ts":"2022-12-03 19:58:34.745 CST","caller":"gcron/gcron_z_example_1_test.go:21","msg":"doing","component":"test","x_request_id":null}
{"log_level":"debug","ts":"2022-12-03 19:58:35.246 CST","caller":"gcron/gcron_entry.go:196","msg":"cron job \"github.com/zhwei820/gcron_test.Test_cronAddSingleton.func1(* * * * * *)\" ends","component":"test","x_request_id":null}
{"log_level":"debug","ts":"2022-12-03 19:58:35.746 CST","caller":"gcron/gcron_entry.go:196","msg":"cron job \"github.com/zhwei820/gcron_test.Test_cronAddSingleton.func1(* * * * * *)\" starts","component":"test","x_request_id":null}
{"log_level":"info","ts":"2022-12-03 19:58:35.746 CST","caller":"gcron/gcron_z_example_1_test.go:21","msg":"doing","component":"test","x_request_id":null}
{"log_level":"debug","ts":"2022-12-03 19:58:36.246 CST","caller":"gcron/gcron_entry.go:196","msg":"cron job \"github.com/zhwei820/gcron_test.Test_cronAddSingleton.func1(* * * * * *)\" ends","component":"test","x_request_id":null}
{"log_level":"debug","ts":"2022-12-03 19:58:36.746 CST","caller":"gcron/gcron_entry.go:196","msg":"cron job \"github.com/zhwei820/gcron_test.Test_cronAddSingleton.func1(* * * * * *)\" starts","component":"test","x_request_id":null}
{"log_level":"info","ts":"2022-12-03 19:58:36.746 CST","caller":"gcron/gcron_z_example_1_test.go:21","msg":"doing","component":"test","x_request_id":null}
{"log_level":"debug","ts":"2022-12-03 19:58:37.247 CST","caller":"gcron/gcron_entry.go:196","msg":"cron job \"github.com/zhwei820/gcron_test.Test_cronAddSingleton.func1(* * * * * *)\" ends","component":"test","x_request_id":null}
{"log_level":"debug","ts":"2022-12-03 19:58:37.745 CST","caller":"gcron/gcron_entry.go:196","msg":"cron job \"github.com/zhwei820/gcron_test.Test_cronAddSingleton.func1(* * * * * *)\" starts","component":"test","x_request_id":null}
{"log_level":"info","ts":"2022-12-03 19:58:37.745 CST","caller":"gcron/gcron_z_example_1_test.go:21","msg":"doing","component":"test","x_request_id":null}
{"log_level":"debug","ts":"2022-12-03 19:58:38.246 CST","caller":"gcron/gcron_entry.go:196","msg":"cron job \"github.com/zhwei820/gcron_test.Test_cronAddSingleton.func1(* * * * * *)\" ends","component":"test","x_request_id":null}
{"log_level":"debug","ts":"2022-12-03 19:58:38.746 CST","caller":"gcron/gcron_entry.go:196","msg":"cron job \"github.com/zhwei820/gcron_test.Test_cronAddSingleton.func1(* * * * * *)\" starts","component":"test","x_request_id":null}
{"log_level":"info","ts":"2022-12-03 19:58:38.746 CST","caller":"gcron/gcron_z_example_1_test.go:21","msg":"doing","component":"test","x_request_id":null}
{"log_level":"debug","ts":"2022-12-03 19:58:39.246 CST","caller":"gcron/gcron_entry.go:196","msg":"cron job \"github.com/zhwei820/gcron_test.Test_cronAddSingleton.func1(* * * * * *)\" ends","component":"test","x_request_id":null}
{"log_level":"debug","ts":"2022-12-03 19:58:39.745 CST","caller":"gcron/gcron_entry.go:196","msg":"cron job \"github.com/zhwei820/gcron_test.Test_cronAddSingleton.func1(* * * * * *)\" starts","component":"test","x_request_id":null}
{"log_level":"info","ts":"2022-12-03 19:58:39.745 CST","caller":"gcron/gcron_z_example_1_test.go:21","msg":"doing","component":"test","x_request_id":null}
{"log_level":"debug","ts":"2022-12-03 19:58:40.246 CST","caller":"gcron/gcron_entry.go:196","msg":"cron job \"github.com/zhwei820/gcron_test.Test_cronAddSingleton.func1(* * * * * *)\" ends","component":"test","x_request_id":null}
{"log_level":"debug","ts":"2022-12-03 19:58:40.746 CST","caller":"gcron/gcron_entry.go:196","msg":"cron job \"github.com/zhwei820/gcron_test.Test_cronAddSingleton.func1(* * * * * *)\" starts","component":"test","x_request_id":null}
{"log_level":"info","ts":"2022-12-03 19:58:40.746 CST","caller":"gcron/gcron_z_example_1_test.go:21","msg":"doing","component":"test","x_request_id":null}
{"log_level":"debug","ts":"2022-12-03 19:58:41.246 CST","caller":"gcron/gcron_entry.go:196","msg":"cron job \"github.com/zhwei820/gcron_test.Test_cronAddSingleton.func1(* * * * * *)\" ends","component":"test","x_request_id":null}
{"log_level":"debug","ts":"2022-12-03 19:58:41.745 CST","caller":"gcron/gcron_entry.go:196","msg":"cron job \"github.com/zhwei820/gcron_test.Test_cronAddSingleton.func1(* * * * * *)\" starts","component":"test","x_request_id":null}
{"log_level":"info","ts":"2022-12-03 19:58:41.745 CST","caller":"gcron/gcron_z_example_1_test.go:21","msg":"doing","component":"test","x_request_id":null}
{"log_level":"debug","ts":"2022-12-03 19:58:42.246 CST","caller":"gcron/gcron_entry.go:196","msg":"cron job \"github.com/zhwei820/gcron_test.Test_cronAddSingleton.func1(* * * * * *)\" ends","component":"test","x_request_id":null}
{"log_level":"debug","ts":"2022-12-03 19:58:42.746 CST","caller":"gcron/gcron_entry.go:196","msg":"cron job \"github.com/zhwei820/gcron_test.Test_cronAddSingleton.func1(* * * * * *)\" starts","component":"test","x_request_id":null}
{"log_level":"info","ts":"2022-12-03 19:58:42.746 CST","caller":"gcron/gcron_z_example_1_test.go:21","msg":"doing","component":"test","x_request_id":null}
{"log_level":"debug","ts":"2022-12-03 19:58:43.247 CST","caller":"gcron/gcron_entry.go:196","msg":"cron job \"github.com/zhwei820/gcron_test.Test_cronAddSingleton.func1(* * * * * *)\" ends","component":"test","x_request_id":null}
{"log_level":"debug","ts":"2022-12-03 19:58:43.746 CST","caller":"gcron/gcron_entry.go:196","msg":"cron job \"github.com/zhwei820/gcron_test.Test_cronAddSingleton.func1(* * * * * *)\" starts","component":"test","x_request_id":null}
{"log_level":"info","ts":"2022-12-03 19:58:43.746 CST","caller":"gcron/gcron_z_example_1_test.go:21","msg":"doing","component":"test","x_request_id":null}
{"log_level":"debug","ts":"2022-12-03 19:58:44.247 CST","caller":"gcron/gcron_entry.go:196","msg":"cron job \"github.com/zhwei820/gcron_test.Test_cronAddSingleton.func1(* * * * * *)\" ends","component":"test","x_request_id":null}
{"log_level":"debug","ts":"2022-12-03 19:58:44.746 CST","caller":"gcron/gcron_entry.go:196","msg":"cron job \"github.com/zhwei820/gcron_test.Test_cronAddSingleton.func1(* * * * * *)\" starts","component":"test","x_request_id":null}
{"log_level":"info","ts":"2022-12-03 19:58:44.746 CST","caller":"gcron/gcron_z_example_1_test.go:21","msg":"doing","component":"test","x_request_id":null}
{"log_level":"debug","ts":"2022-12-03 19:58:45.246 CST","caller":"gcron/gcron_entry.go:196","msg":"cron job \"github.com/zhwei820/gcron_test.Test_cronAddSingleton.func1(* * * * * *)\" ends","component":"test","x_request_id":null}
{"log_level":"debug","ts":"2022-12-03 19:58:45.745 CST","caller":"gcron/gcron_entry.go:196","msg":"cron job \"github.com/zhwei820/gcron_test.Test_cronAddSingleton.func1(* * * * * *)\" starts","component":"test","x_request_id":null}
{"log_level":"info","ts":"2022-12-03 19:58:45.745 CST","caller":"gcron/gcron_z_example_1_test.go:21","msg":"doing","component":"test","x_request_id":null}
{"log_level":"debug","ts":"2022-12-03 19:58:46.245 CST","caller":"gcron/gcron_entry.go:196","msg":"cron job \"github.com/zhwei820/gcron_test.Test_cronAddSingleton.func1(* * * * * *)\" ends","component":"test","x_request_id":null}
{"log_level":"debug","ts":"2022-12-03 19:58:46.745 CST","caller":"gcron/gcron_entry.go:196","msg":"cron job \"github.com/zhwei820/gcron_test.Test_cronAddSingleton.func1(* * * * * *)\" starts","component":"test","x_request_id":null}
{"log_level":"info","ts":"2022-12-03 19:58:46.745 CST","caller":"gcron/gcron_z_example_1_test.go:21","msg":"doing","component":"test","x_request_id":null}
{"log_level":"debug","ts":"2022-12-03 19:58:47.245 CST","caller":"gcron/gcron_entry.go:196","msg":"cron job \"github.com/zhwei820/gcron_test.Test_cronAddSingleton.func1(* * * * * *)\" ends","component":"test","x_request_id":null}
{"log_level":"debug","ts":"2022-12-03 19:58:47.746 CST","caller":"gcron/gcron_entry.go:196","msg":"cron job \"github.com/zhwei820/gcron_test.Test_cronAddSingleton.func1(* * * * * *)\" starts","component":"test","x_request_id":null}
{"log_level":"info","ts":"2022-12-03 19:58:47.746 CST","caller":"gcron/gcron_z_example_1_test.go:21","msg":"doing","component":"test","x_request_id":null}
{"log_level":"debug","ts":"2022-12-03 19:58:48.246 CST","caller":"gcron/gcron_entry.go:196","msg":"cron job \"github.com/zhwei820/gcron_test.Test_cronAddSingleton.func1(* * * * * *)\" ends","component":"test","x_request_id":null}
{"log_level":"debug","ts":"2022-12-03 19:58:48.745 CST","caller":"gcron/gcron_entry.go:196","msg":"cron job \"github.com/zhwei820/gcron_test.Test_cronAddSingleton.func1(* * * * * *)\" starts","component":"test","x_request_id":null}
{"log_level":"info","ts":"2022-12-03 19:58:48.745 CST","caller":"gcron/gcron_z_example_1_test.go:21","msg":"doing","component":"test","x_request_id":null}
{"log_level":"debug","ts":"2022-12-03 19:58:49.246 CST","caller":"gcron/gcron_entry.go:196","msg":"cron job \"github.com/zhwei820/gcron_test.Test_cronAddSingleton.func1(* * * * * *)\" ends","component":"test","x_request_id":null}
{"log_level":"debug","ts":"2022-12-03 19:58:49.745 CST","caller":"gcron/gcron_entry.go:196","msg":"cron job \"github.com/zhwei820/gcron_test.Test_cronAddSingleton.func1(* * * * * *)\" starts","component":"test","x_request_id":null}
{"log_level":"info","ts":"2022-12-03 19:58:49.745 CST","caller":"gcron/gcron_z_example_1_test.go:21","msg":"doing","component":"test","x_request_id":null}
{"log_level":"debug","ts":"2022-12-03 19:58:50.246 CST","caller":"gcron/gcron_entry.go:196","msg":"cron job \"github.com/zhwei820/gcron_test.Test_cronAddSingleton.func1(* * * * * *)\" ends","component":"test","x_request_id":null}
{"log_level":"debug","ts":"2022-12-03 19:58:50.745 CST","caller":"gcron/gcron_entry.go:196","msg":"cron job \"github.com/zhwei820/gcron_test.Test_cronAddSingleton.func1(* * * * * *)\" starts","component":"test","x_request_id":null}
{"log_level":"info","ts":"2022-12-03 19:58:50.746 CST","caller":"gcron/gcron_z_example_1_test.go:21","msg":"doing","component":"test","x_request_id":null}
{"log_level":"debug","ts":"2022-12-03 19:58:51.247 CST","caller":"gcron/gcron_entry.go:196","msg":"cron job \"github.com/zhwei820/gcron_test.Test_cronAddSingleton.func1(* * * * * *)\" ends","component":"test","x_request_id":null}
{"log_level":"debug","ts":"2022-12-03 19:58:51.745 CST","caller":"gcron/gcron_entry.go:196","msg":"cron job \"github.com/zhwei820/gcron_test.Test_cronAddSingleton.func1(* * * * * *)\" starts","component":"test","x_request_id":null}
{"log_level":"info","ts":"2022-12-03 19:58:51.746 CST","caller":"gcron/gcron_z_example_1_test.go:21","msg":"doing","component":"test","x_request_id":null}
{"log_level":"debug","ts":"2022-12-03 19:58:52.246 CST","caller":"gcron/gcron_entry.go:196","msg":"cron job \"github.com/zhwei820/gcron_test.Test_cronAddSingleton.func1(* * * * * *)\" ends","component":"test","x_request_id":null}
{"log_level":"debug","ts":"2022-12-03 19:58:52.746 CST","caller":"gcron/gcron_entry.go:196","msg":"cron job \"github.com/zhwei820/gcron_test.Test_cronAddSingleton.func1(* * * * * *)\" starts","component":"test","x_request_id":null}
{"log_level":"info","ts":"2022-12-03 19:58:52.746 CST","caller":"gcron/gcron_z_example_1_test.go:21","msg":"doing","component":"test","x_request_id":null}
{"log_level":"debug","ts":"2022-12-03 19:58:53.246 CST","caller":"gcron/gcron_entry.go:196","msg":"cron job \"github.com/zhwei820/gcron_test.Test_cronAddSingleton.func1(* * * * * *)\" ends","component":"test","x_request_id":null}
{"log_level":"debug","ts":"2022-12-03 19:58:53.746 CST","caller":"gcron/gcron_entry.go:196","msg":"cron job \"github.com/zhwei820/gcron_test.Test_cronAddSingleton.func1(* * * * * *)\" starts","component":"test","x_request_id":null}
{"log_level":"info","ts":"2022-12-03 19:58:53.746 CST","caller":"gcron/gcron_z_example_1_test.go:21","msg":"doing","component":"test","x_request_id":null}
{"log_level":"debug","ts":"2022-12-03 19:58:54.247 CST","caller":"gcron/gcron_entry.go:196","msg":"cron job \"github.com/zhwei820/gcron_test.Test_cronAddSingleton.func1(* * * * * *)\" ends","component":"test","x_request_id":null}
{"log_level":"debug","ts":"2022-12-03 19:58:54.745 CST","caller":"gcron/gcron_entry.go:196","msg":"cron job \"github.com/zhwei820/gcron_test.Test_cronAddSingleton.func1(* * * * * *)\" starts","component":"test","x_request_id":null}
{"log_level":"info","ts":"2022-12-03 19:58:54.745 CST","caller":"gcron/gcron_z_example_1_test.go:21","msg":"doing","component":"test","x_request_id":null}
{"log_level":"debug","ts":"2022-12-03 19:58:55.246 CST","caller":"gcron/gcron_entry.go:196","msg":"cron job \"github.com/zhwei820/gcron_test.Test_cronAddSingleton.func1(* * * * * *)\" ends","component":"test","x_request_id":null}
{"log_level":"debug","ts":"2022-12-03 19:58:55.745 CST","caller":"gcron/gcron_entry.go:196","msg":"cron job \"github.com/zhwei820/gcron_test.Test_cronAddSingleton.func1(* * * * * *)\" starts","component":"test","x_request_id":null}
{"log_level":"info","ts":"2022-12-03 19:58:55.745 CST","caller":"gcron/gcron_z_example_1_test.go:21","msg":"doing","component":"test","x_request_id":null}
{"log_level":"debug","ts":"2022-12-03 19:58:56.246 CST","caller":"gcron/gcron_entry.go:196","msg":"cron job \"github.com/zhwei820/gcron_test.Test_cronAddSingleton.func1(* * * * * *)\" ends","component":"test","x_request_id":null}
{"log_level":"debug","ts":"2022-12-03 19:58:56.745 CST","caller":"gcron/gcron_entry.go:196","msg":"cron job \"github.com/zhwei820/gcron_test.Test_cronAddSingleton.func1(* * * * * *)\" starts","component":"test","x_request_id":null}
{"log_level":"info","ts":"2022-12-03 19:58:56.745 CST","caller":"gcron/gcron_z_example_1_test.go:21","msg":"doing","component":"test","x_request_id":null}
{"log_level":"debug","ts":"2022-12-03 19:58:57.246 CST","caller":"gcron/gcron_entry.go:196","msg":"cron job \"github.com/zhwei820/gcron_test.Test_cronAddSingleton.func1(* * * * * *)\" ends","component":"test","x_request_id":null}
{"log_level":"debug","ts":"2022-12-03 19:58:57.745 CST","caller":"gcron/gcron_entry.go:196","msg":"cron job \"github.com/zhwei820/gcron_test.Test_cronAddSingleton.func1(* * * * * *)\" starts","component":"test","x_request_id":null}
{"log_level":"info","ts":"2022-12-03 19:58:57.745 CST","caller":"gcron/gcron_z_example_1_test.go:21","msg":"doing","component":"test","x_request_id":null}
{"log_level":"debug","ts":"2022-12-03 19:58:58.246 CST","caller":"gcron/gcron_entry.go:196","msg":"cron job \"github.com/zhwei820/gcron_test.Test_cronAddSingleton.func1(* * * * * *)\" ends","component":"test","x_request_id":null}
{"log_level":"debug","ts":"2022-12-03 19:58:58.745 CST","caller":"gcron/gcron_entry.go:196","msg":"cron job \"github.com/zhwei820/gcron_test.Test_cronAddSingleton.func1(* * * * * *)\" starts","component":"test","x_request_id":null}
{"log_level":"info","ts":"2022-12-03 19:58:58.746 CST","caller":"gcron/gcron_z_example_1_test.go:21","msg":"doing","component":"test","x_request_id":null}
{"log_level":"debug","ts":"2022-12-03 19:58:59.246 CST","caller":"gcron/gcron_entry.go:196","msg":"cron job \"github.com/zhwei820/gcron_test.Test_cronAddSingleton.func1(* * * * * *)\" ends","component":"test","x_request_id":null}
{"log_level":"debug","ts":"2022-12-03 19:58:59.746 CST","caller":"gcron/gcron_entry.go:196","msg":"cron job \"github.com/zhwei820/gcron_test.Test_cronAddSingleton.func1(* * * * * *)\" starts","component":"test","x_request_id":null}
{"log_level":"info","ts":"2022-12-03 19:58:59.746 CST","caller":"gcron/gcron_z_example_1_test.go:21","msg":"doing","component":"test","x_request_id":null}
{"log_level":"debug","ts":"2022-12-03 19:59:00.246 CST","caller":"gcron/gcron_entry.go:196","msg":"cron job \"github.com/zhwei820/gcron_test.Test_cronAddSingleton.func1(* * * * * *)\" ends","component":"test","x_request_id":null}
{"log_level":"debug","ts":"2022-12-03 19:59:00.745 CST","caller":"gcron/gcron_entry.go:196","msg":"cron job \"github.com/zhwei820/gcron_test.Test_cronAddSingleton.func1(* * * * * *)\" starts","component":"test","x_request_id":null}
{"log_level":"info","ts":"2022-12-03 19:59:00.745 CST","caller":"gcron/gcron_z_example_1_test.go:21","msg":"doing","component":"test","x_request_id":null}
{"log_level":"debug","ts":"2022-12-03 19:59:01.246 CST","caller":"gcron/gcron_entry.go:196","msg":"cron job \"github.com/zhwei820/gcron_test.Test_cronAddSingleton.func1(* * * * * *)\" ends","component":"test","x_request_id":null}
{"log_level":"debug","ts":"2022-12-03 19:59:01.745 CST","caller":"gcron/gcron_entry.go:196","msg":"cron job \"github.com/zhwei820/gcron_test.Test_cronAddSingleton.func1(* * * * * *)\" starts","component":"test","x_request_id":null}
{"log_level":"info","ts":"2022-12-03 19:59:01.745 CST","caller":"gcron/gcron_z_example_1_test.go:21","msg":"doing","component":"test","x_request_id":null}
{"log_level":"debug","ts":"2022-12-03 19:59:02.246 CST","caller":"gcron/gcron_entry.go:196","msg":"cron job \"github.com/zhwei820/gcron_test.Test_cronAddSingleton.func1(* * * * * *)\" ends","component":"test","x_request_id":null}
{"log_level":"debug","ts":"2022-12-03 19:59:02.745 CST","caller":"gcron/gcron_entry.go:196","msg":"cron job \"github.com/zhwei820/gcron_test.Test_cronAddSingleton.func1(* * * * * *)\" starts","component":"test","x_request_id":null}
{"log_level":"info","ts":"2022-12-03 19:59:02.745 CST","caller":"gcron/gcron_z_example_1_test.go:21","msg":"doing","component":"test","x_request_id":null}
{"log_level":"debug","ts":"2022-12-03 19:59:03.245 CST","caller":"gcron/gcron_entry.go:196","msg":"cron job \"github.com/zhwei820/gcron_test.Test_cronAddSingleton.func1(* * * * * *)\" ends","component":"test","x_request_id":null}
{"log_level":"debug","ts":"2022-12-03 19:59:03.745 CST","caller":"gcron/gcron_entry.go:196","msg":"cron job \"github.com/zhwei820/gcron_test.Test_cronAddSingleton.func1(* * * * * *)\" starts","component":"test","x_request_id":null}
{"log_level":"info","ts":"2022-12-03 19:59:03.745 CST","caller":"gcron/gcron_z_example_1_test.go:21","msg":"doing","component":"test","x_request_id":null}
{"log_level":"debug","ts":"2022-12-03 19:59:04.246 CST","caller":"gcron/gcron_entry.go:196","msg":"cron job \"github.com/zhwei820/gcron_test.Test_cronAddSingleton.func1(* * * * * *)\" ends","component":"test","x_request_id":null}
{"log_level":"debug","ts":"2022-12-03 19:59:04.745 CST","caller":"gcron/gcron_entry.go:196","msg":"cron job \"github.com/zhwei820/gcron_test.Test_cronAddSingleton.func1(* * * * * *)\" starts","component":"test","x_request_id":null}
{"log_level":"info","ts":"2022-12-03 19:59:04.745 CST","caller":"gcron/gcron_z_example_1_test.go:21","msg":"doing","component":"test","x_request_id":null}
{"log_level":"debug","ts":"2022-12-03 19:59:05.245 CST","caller":"gcron/gcron_entry.go:196","msg":"cron job \"github.com/zhwei820/gcron_test.Test_cronAddSingleton.func1(* * * * * *)\" ends","component":"test","x_request_id":null}
{"log_level":"debug","ts":"2022-12-03 19:59:05.745 CST","caller":"gcron/gcron_entry.go:196","msg":"cron job \"github.com/zhwei820/gcron_test.Test_cronAddSingleton.func1(* * * * * *)\" starts","component":"test","x_request_id":null}
{"log_level":"info","ts":"2022-12-03 19:59:05.745 CST","caller":"gcron/gcron_z_example_1_test.go:21","msg":"doing","component":"test","x_request_id":null}
{"log_level":"debug","ts":"2022-12-03 19:59:06.246 CST","caller":"gcron/gcron_entry.go:196","msg":"cron job \"github.com/zhwei820/gcron_test.Test_cronAddSingleton.func1(* * * * * *)\" ends","component":"test","x_request_id":null}
{"log_level":"debug","ts":"2022-12-03 19:59:06.745 CST","caller":"gcron/gcron_entry.go:196","msg":"cron job \"github.com/zhwei820/gcron_test.Test_cronAddSingleton.func1(* * * * * *)\" starts","component":"test","x_request_id":null}
{"log_level":"info","ts":"2022-12-03 19:59:06.745 CST","caller":"gcron/gcron_z_example_1_test.go:21","msg":"doing","component":"test","x_request_id":null}
{"log_level":"debug","ts":"2022-12-03 19:59:07.247 CST","caller":"gcron/gcron_entry.go:196","msg":"cron job \"github.com/zhwei820/gcron_test.Test_cronAddSingleton.func1(* * * * * *)\" ends","component":"test","x_request_id":null}
{"log_level":"debug","ts":"2022-12-03 19:59:07.745 CST","caller":"gcron/gcron_entry.go:196","msg":"cron job \"github.com/zhwei820/gcron_test.Test_cronAddSingleton.func1(* * * * * *)\" starts","component":"test","x_request_id":null}
{"log_level":"info","ts":"2022-12-03 19:59:07.746 CST","caller":"gcron/gcron_z_example_1_test.go:21","msg":"doing","component":"test","x_request_id":null}
{"log_level":"debug","ts":"2022-12-03 19:59:08.246 CST","caller":"gcron/gcron_entry.go:196","msg":"cron job \"github.com/zhwei820/gcron_test.Test_cronAddSingleton.func1(* * * * * *)\" ends","component":"test","x_request_id":null}
{"log_level":"debug","ts":"2022-12-03 19:59:08.745 CST","caller":"gcron/gcron_entry.go:196","msg":"cron job \"github.com/zhwei820/gcron_test.Test_cronAddSingleton.func1(* * * * * *)\" starts","component":"test","x_request_id":null}
{"log_level":"info","ts":"2022-12-03 19:59:08.745 CST","caller":"gcron/gcron_z_example_1_test.go:21","msg":"doing","component":"test","x_request_id":null}
{"log_level":"debug","ts":"2022-12-03 19:59:09.245 CST","caller":"gcron/gcron_entry.go:196","msg":"cron job \"github.com/zhwei820/gcron_test.Test_cronAddSingleton.func1(* * * * * *)\" ends","component":"test","x_request_id":null}
{"log_level":"debug","ts":"2022-12-03 19:59:09.746 CST","caller":"gcron/gcron_entry.go:196","msg":"cron job \"github.com/zhwei820/gcron_test.Test_cronAddSingleton.func1(* * * * * *)\" starts","component":"test","x_request_id":null}
{"log_level":"info","ts":"2022-12-03 19:59:09.746 CST","caller":"gcron/gcron_z_example_1_test.go:21","msg":"doing","component":"test","x_request_id":null}
{"log_level":"debug","ts":"2022-12-03 19:59:10.247 CST","caller":"gcron/gcron_entry.go:196","msg":"cron job \"github.com/zhwei820/gcron_test.Test_cronAddSingleton.func1(* * * * * *)\" ends","component":"test","x_request_id":null}
{"log_level":"debug","ts":"2022-12-03 19:59:10.745 CST","caller":"gcron/gcron_entry.go:196","msg":"cron job \"github.com/zhwei820/gcron_test.Test_cronAddSingleton.func1(* * * * * *)\" starts","component":"test","x_request_id":null}
{"log_level":"info","ts":"2022-12-03 19:59:10.746 CST","caller":"gcron/gcron_z_example_1_test.go:21","msg":"doing","component":"test","x_request_id":null}
{"log_level":"debug","ts":"2022-12-03 19:59:11.246 CST","caller":"gcron/gcron_entry.go:196","msg":"cron job \"github.com/zhwei820/gcron_test.Test_cronAddSingleton.func1(* * * * * *)\" ends","component":"test","x_request_id":null}
{"log_level":"debug","ts":"2022-12-03 19:59:11.746 CST","caller":"gcron/gcron_entry.go:196","msg":"cron job \"github.com/zhwei820/gcron_test.Test_cronAddSingleton.func1(* * * * * *)\" starts","component":"test","x_request_id":null}
{"log_level":"info","ts":"2022-12-03 19:59:11.746 CST","caller":"gcron/gcron_z_example_1_test.go:21","msg":"doing","component":"test","x_request_id":null}
{"log_level":"debug","ts":"2022-12-03 19:59:12.247 CST","caller":"gcron/gcron_entry.go:196","msg":"cron job \"github.com/zhwei820/gcron_test.Test_cronAddSingleton.func1(* * * * * *)\" ends","component":"test","x_request_id":null}
{"log_level":"debug","ts":"2022-12-03 19:59:12.745 CST","caller":"gcron/gcron_entry.go:196","msg":"cron job \"github.com/zhwei820/gcron_test.Test_cronAddSingleton.func1(* * * * * *)\" starts","component":"test","x_request_id":null}
{"log_level":"info","ts":"2022-12-03 19:59:12.745 CST","caller":"gcron/gcron_z_example_1_test.go:21","msg":"doing","component":"test","x_request_id":null}
{"log_level":"debug","ts":"2022-12-03 19:59:13.246 CST","caller":"gcron/gcron_entry.go:196","msg":"cron job \"github.com/zhwei820/gcron_test.Test_cronAddSingleton.func1(* * * * * *)\" ends","component":"test","x_request_id":null}
{"log_level":"debug","ts":"2022-12-03 19:59:13.745 CST","caller":"gcron/gcron_entry.go:196","msg":"cron job \"github.com/zhwei820/gcron_test.Test_cronAddSingleton.func1(* * * * * *)\" starts","component":"test","x_request_id":null}
{"log_level":"info","ts":"2022-12-03 19:59:13.745 CST","caller":"gcron/gcron_z_example_1_test.go:21","msg":"doing","component":"test","x_request_id":null}
{"log_level":"debug","ts":"2022-12-03 19:59:14.245 CST","caller":"gcron/gcron_entry.go:196","msg":"cron job \"github.com/zhwei820/gcron_test.Test_cronAddSingleton.func1(* * * * * *)\" ends","component":"test","x_request_id":null}
{"log_level":"debug","ts":"2022-12-03 19:59:14.746 CST","caller":"gcron/gcron_entry.go:196","msg":"cron job \"github.com/zhwei820/gcron_test.Test_cronAddSingleton.func1(* * * * * *)\" starts","component":"test","x_request_id":null}
{"log_level":"info","ts":"2022-12-03 19:59:14.746 CST","caller":"gcron/gcron_z_example_1_test.go:21","msg":"doing","component":"test","x_request_id":null}
{"log_level":"debug","ts":"2022-12-03 19:59:15.246 CST","caller":"gcron/gcron_entry.go:196","msg":"cron job \"github.com/zhwei820/gcron_test.Test_cronAddSingleton.func1(* * * * * *)\" ends","component":"test","x_request_id":null}
{"log_level":"debug","ts":"2022-12-03 19:59:15.745 CST","caller":"gcron/gcron_entry.go:196","msg":"cron job \"github.com/zhwei820/gcron_test.Test_cronAddSingleton.func1(* * * * * *)\" starts","component":"test","x_request_id":null}
{"log_level":"info","ts":"2022-12-03 19:59:15.745 CST","caller":"gcron/gcron_z_example_1_test.go:21","msg":"doing","component":"test","x_request_id":null}
{"log_level":"debug","ts":"2022-12-03 19:59:16.246 CST","caller":"gcron/gcron_entry.go:196","msg":"cron job \"github.com/zhwei820/gcron_test.Test_cronAddSingleton.func1(* * * * * *)\" ends","component":"test","x_request_id":null}
{"log_level":"debug","ts":"2022-12-03 19:59:16.745 CST","caller":"gcron/gcron_entry.go:196","msg":"cron job \"github.com/zhwei820/gcron_test.Test_cronAddSingleton.func1(* * * * * *)\" starts","component":"test","x_request_id":null}
{"log_level":"info","ts":"2022-12-03 19:59:16.746 CST","caller":"gcron/gcron_z_example_1_test.go:21","msg":"doing","component":"test","x_request_id":null}
{"log_level":"debug","ts":"2022-12-03 19:59:17.247 CST","caller":"gcron/gcron_entry.go:196","msg":"cron job \"github.com/zhwei820/gcron_test.Test_cronAddSingleton.func1(* * * * * *)\" ends","component":"test","x_request_id":null}
{"log_level":"debug","ts":"2022-12-03 19:59:17.745 CST","caller":"gcron/gcron_entry.go:196","msg":"cron job \"github.com/zhwei820/gcron_test.Test_cronAddSingleton.func1(* * * * * *)\" starts","component":"test","x_request_id":null}
{"log_level":"info","ts":"2022-12-03 19:59:17.745 CST","caller":"gcron/gcron_z_example_1_test.go:21","msg":"doing","component":"test","x_request_id":null}
{"log_level":"debug","ts":"2022-12-03 19:59:18.245 CST","caller":"gcron/gcron_entry.go:196","msg":"cron job \"github.com/zhwei820/gcron_test.Test_cronAddSingleton.func1(* * * * * *)\" ends","component":"test","x_request_id":null}
{"log_level":"debug","ts":"2022-12-03 19:59:18.745 CST","caller":"gcron/gcron_entry.go:196","msg":"cron job \"github.com/zhwei820/gcron_test.Test_cronAddSingleton.func1(* * * * * *)\" starts","component":"test","x_request_id":null}
{"log_level":"info","ts":"2022-12-03 19:59:18.745 CST","caller":"gcron/gcron_z_example_1_test.go:21","msg":"doing","component":"test","x_request_id":null}
{"log_level":"debug","ts":"2022-12-03 19:59:19.245 CST","caller":"gcron/gcron_entry.go:196","msg":"cron job \"github.com/zhwei820/gcron_test.Test_cronAddSingleton.func1(* * * * * *)\" ends","component":"test","x_request_id":null}
{"log_level":"debug","ts":"2022-12-03 19:59:19.745 CST","caller":"gcron/gcron_entry.go:196","msg":"cron job \"github.com/zhwei820/gcron_test.Test_cronAddSingleton.func1(* * * * * *)\" starts","component":"test","x_request_id":null}
{"log_level":"info","ts":"2022-12-03 19:59:19.745 CST","caller":"gcron/gcron_z_example_1_test.go:21","msg":"doing","component":"test","x_request_id":null}
{"log_level":"debug","ts":"2022-12-03 19:59:20.246 CST","caller":"gcron/gcron_entry.go:196","msg":"cron job \"github.com/zhwei820/gcron_test.Test_cronAddSingleton.func1(* * * * * *)\" ends","component":"test","x_request_id":null}
{"log_level":"debug","ts":"2022-12-03 19:59:20.745 CST","caller":"gcron/gcron_entry.go:196","msg":"cron job \"github.com/zhwei820/gcron_test.Test_cronAddSingleton.func1(* * * * * *)\" starts","component":"test","x_request_id":null}
{"log_level":"info","ts":"2022-12-03 19:59:20.745 CST","caller":"gcron/gcron_z_example_1_test.go:21","msg":"doing","component":"test","x_request_id":null}
{"log_level":"debug","ts":"2022-12-03 19:59:21.247 CST","caller":"gcron/gcron_entry.go:196","msg":"cron job \"github.com/zhwei820/gcron_test.Test_cronAddSingleton.func1(* * * * * *)\" ends","component":"test","x_request_id":null}
{"log_level":"debug","ts":"2022-12-03 19:59:21.746 CST","caller":"gcron/gcron_entry.go:196","msg":"cron job \"github.com/zhwei820/gcron_test.Test_cronAddSingleton.func1(* * * * * *)\" starts","component":"test","x_request_id":null}
{"log_level":"info","ts":"2022-12-03 19:59:21.746 CST","caller":"gcron/gcron_z_example_1_test.go:21","msg":"doing","component":"test","x_request_id":null}
{"log_level":"debug","ts":"2022-12-03 19:59:22.247 CST","caller":"gcron/gcron_entry.go:196","msg":"cron job \"github.com/zhwei820/gcron_test.Test_cronAddSingleton.func1(* * * * * *)\" ends","component":"test","x_request_id":null}
{"log_level":"debug","ts":"2022-12-03 19:59:22.746 CST","caller":"gcron/gcron_entry.go:196","msg":"cron job \"github.com/zhwei820/gcron_test.Test_cronAddSingleton.func1(* * * * * *)\" starts","component":"test","x_request_id":null}
{"log_level":"info","ts":"2022-12-03 19:59:22.746 CST","caller":"gcron/gcron_z_example_1_test.go:21","msg":"doing","component":"test","x_request_id":null}
{"log_level":"debug","ts":"2022-12-03 19:59:23.247 CST","caller":"gcron/gcron_entry.go:196","msg":"cron job \"github.com/zhwei820/gcron_test.Test_cronAddSingleton.func1(* * * * * *)\" ends","component":"test","x_request_id":null}
{"log_level":"debug","ts":"2022-12-03 19:59:23.746 CST","caller":"gcron/gcron_entry.go:196","msg":"cron job \"github.com/zhwei820/gcron_test.Test_cronAddSingleton.func1(* * * * * *)\" starts","component":"test","x_request_id":null}
{"log_level":"info","ts":"2022-12-03 19:59:23.746 CST","caller":"gcron/gcron_z_example_1_test.go:21","msg":"doing","component":"test","x_request_id":null}
{"log_level":"debug","ts":"2022-12-03 19:59:24.246 CST","caller":"gcron/gcron_entry.go:196","msg":"cron job \"github.com/zhwei820/gcron_test.Test_cronAddSingleton.func1(* * * * * *)\" ends","component":"test","x_request_id":null}
{"log_level":"debug","ts":"2022-12-03 19:59:24.745 CST","caller":"gcron/gcron_entry.go:196","msg":"cron job \"github.com/zhwei820/gcron_test.Test_cronAddSingleton.func1(* * * * * *)\" starts","component":"test","x_request_id":null}
{"log_level":"info","ts":"2022-12-03 19:59:24.745 CST","caller":"gcron/gcron_z_example_1_test.go:21","msg":"doing","component":"test","x_request_id":null}
{"log_level":"debug","ts":"2022-12-03 19:59:25.246 CST","caller":"gcron/gcron_entry.go:196","msg":"cron job \"github.com/zhwei820/gcron_test.Test_cronAddSingleton.func1(* * * * * *)\" ends","component":"test","x_request_id":null}
{"log_level":"debug","ts":"2022-12-03 19:59:25.745 CST","caller":"gcron/gcron_entry.go:196","msg":"cron job \"github.com/zhwei820/gcron_test.Test_cronAddSingleton.func1(* * * * * *)\" starts","component":"test","x_request_id":null}
{"log_level":"info","ts":"2022-12-03 19:59:25.745 CST","caller":"gcron/gcron_z_example_1_test.go:21","msg":"doing","component":"test","x_request_id":null}
{"log_level":"debug","ts":"2022-12-03 19:59:26.246 CST","caller":"gcron/gcron_entry.go:196","msg":"cron job \"github.com/zhwei820/gcron_test.Test_cronAddSingleton.func1(* * * * * *)\" ends","component":"test","x_request_id":null}
{"log_level":"debug","ts":"2022-12-03 19:59:26.746 CST","caller":"gcron/gcron_entry.go:196","msg":"cron job \"github.com/zhwei820/gcron_test.Test_cronAddSingleton.func1(* * * * * *)\" starts","component":"test","x_request_id":null}
{"log_level":"info","ts":"2022-12-03 19:59:26.746 CST","caller":"gcron/gcron_z_example_1_test.go:21","msg":"doing","component":"test","x_request_id":null}
{"log_level":"debug","ts":"2022-12-03 19:59:27.247 CST","caller":"gcron/gcron_entry.go:196","msg":"cron job \"github.com/zhwei820/gcron_test.Test_cronAddSingleton.func1(* * * * * *)\" ends","component":"test","x_request_id":null}
{"log_level":"debug","ts":"2022-12-03 19:59:27.746 CST","caller":"gcron/gcron_entry.go:196","msg":"cron job \"github.com/zhwei820/gcron_test.Test_cronAddSingleton.func1(* * * * * *)\" starts","component":"test","x_request_id":null}
{"log_level":"info","ts":"2022-12-03 19:59:27.746 CST","caller":"gcron/gcron_z_example_1_test.go:21","msg":"doing","component":"test","x_request_id":null}
{"log_level":"debug","ts":"2022-12-03 19:59:28.247 CST","caller":"gcron/gcron_entry.go:196","msg":"cron job \"github.com/zhwei820/gcron_test.Test_cronAddSingleton.func1(* * * * * *)\" ends","component":"test","x_request_id":null}
{"log_level":"debug","ts":"2022-12-03 19:59:28.745 CST","caller":"gcron/gcron_entry.go:196","msg":"cron job \"github.com/zhwei820/gcron_test.Test_cronAddSingleton.func1(* * * * * *)\" starts","component":"test","x_request_id":null}
{"log_level":"info","ts":"2022-12-03 19:59:28.745 CST","caller":"gcron/gcron_z_example_1_test.go:21","msg":"doing","component":"test","x_request_id":null}
{"log_level":"debug","ts":"2022-12-03 19:59:29.246 CST","caller":"gcron/gcron_entry.go:196","msg":"cron job \"github.com/zhwei820/gcron_test.Test_cronAddSingleton.func1(* * * * * *)\" ends","component":"test","x_request_id":null}
{"log_level":"debug","ts":"2022-12-03 19:59:29.746 CST","caller":"gcron/gcron_entry.go:196","msg":"cron job \"github.com/zhwei820/gcron_test.Test_cronAddSingleton.func1(* * * * * *)\" starts","component":"test","x_request_id":null}
{"log_level":"info","ts":"2022-12-03 19:59:29.746 CST","caller":"gcron/gcron_z_example_1_test.go:21","msg":"doing","component":"test","x_request_id":null}
{"log_level":"debug","ts":"2022-12-03 19:59:30.246 CST","caller":"gcron/gcron_entry.go:196","msg":"cron job \"github.com/zhwei820/gcron_test.Test_cronAddSingleton.func1(* * * * * *)\" ends","component":"test","x_request_id":null}
{"log_level":"debug","ts":"2022-12-03 19:59:30.745 CST","caller":"gcron/gcron_entry.go:196","msg":"cron job \"github.com/zhwei820/gcron_test.Test_cronAddSingleton.func1(* * * * * *)\" starts","component":"test","x_request_id":null}
{"log_level":"info","ts":"2022-12-03 19:59:30.745 CST","caller":"gcron/gcron_z_example_1_test.go:21","msg":"doing","component":"test","x_request_id":null}
{"log_level":"debug","ts":"2022-12-03 19:59:31.246 CST","caller":"gcron/gcron_entry.go:196","msg":"cron job \"github.com/zhwei820/gcron_test.Test_cronAddSingleton.func1(* * * * * *)\" ends","component":"test","x_request_id":null}
{"log_level":"debug","ts":"2022-12-03 19:59:31.745 CST","caller":"gcron/gcron_entry.go:196","msg":"cron job \"github.com/zhwei820/gcron_test.Test_cronAddSingleton.func1(* * * * * *)\" starts","component":"test","x_request_id":null}
{"log_level":"info","ts":"2022-12-03 19:59:31.745 CST","caller":"gcron/gcron_z_example_1_test.go:21","msg":"doing","component":"test","x_request_id":null}
{"log_level":"debug","ts":"2022-12-03 19:59:32.246 CST","caller":"gcron/gcron_entry.go:196","msg":"cron job \"github.com/zhwei820/gcron_test.Test_cronAddSingleton.func1(* * * * * *)\" ends","component":"test","x_request_id":null}
{"log_level":"debug","ts":"2022-12-03 19:59:32.745 CST","caller":"gcron/gcron_entry.go:196","msg":"cron job \"github.com/zhwei820/gcron_test.Test_cronAddSingleton.func1(* * * * * *)\" starts","component":"test","x_request_id":null}
{"log_level":"info","ts":"2022-12-03 19:59:32.745 CST","caller":"gcron/gcron_z_example_1_test.go:21","msg":"doing","component":"test","x_request_id":null}
{"log_level":"debug","ts":"2022-12-03 19:59:33.246 CST","caller":"gcron/gcron_entry.go:196","msg":"cron job \"github.com/zhwei820/gcron_test.Test_cronAddSingleton.func1(* * * * * *)\" ends","component":"test","x_request_id":null}
{"log_level":"debug","ts":"2022-12-03 19:59:33.745 CST","caller":"gcron/gcron_entry.go:196","msg":"cron job \"github.com/zhwei820/gcron_test.Test_cronAddSingleton.func1(* * * * * *)\" starts","component":"test","x_request_id":null}
{"log_level":"info","ts":"2022-12-03 19:59:33.745 CST","caller":"gcron/gcron_z_example_1_test.go:21","msg":"doing","component":"test","x_request_id":null}
{"log_level":"debug","ts":"2022-12-03 19:59:34.245 CST","caller":"gcron/gcron_entry.go:196","msg":"cron job \"github.com/zhwei820/gcron_test.Test_cronAddSingleton.func1(* * * * * *)\" ends","component":"test","x_request_id":null}
{"log_level":"debug","ts":"2022-12-03 19:59:34.745 CST","caller":"gcron/gcron_entry.go:196","msg":"cron job \"github.com/zhwei820/gcron_test.Test_cronAddSingleton.func1(* * * * * *)\" starts","component":"test","x_request_id":null}
{"log_level":"info","ts":"2022-12-03 19:59:34.745 CST","caller":"gcron/gcron_z_example_1_test.go:21","msg":"doing","component":"test","x_request_id":null}
{"log_level":"debug","ts":"2022-12-03 19:59:35.246 CST","caller":"gcron/gcron_entry.go:196","msg":"cron job \"github.com/zhwei820/gcron_test.Test_cronAddSingleton.func1(* * * * * *)\" ends","component":"test","x_request_id":null}
{"log_level":"debug","ts":"2022-12-03 19:59:35.746 CST","caller":"gcron/gcron_entry.go:196","msg":"cron job \"github.com/zhwei820/gcron_test.Test_cronAddSingleton.func1(* * * * * *)\" starts","component":"test","x_request_id":null}
{"log_level":"info","ts":"2022-12-03 19:59:35.746 CST","caller":"gcron/gcron_z_example_1_test.go:21","msg":"doing","component":"test","x_request_id":null}
{"log_level":"debug","ts":"2022-12-03 19:59:36.246 CST","caller":"gcron/gcron_entry.go:196","msg":"cron job \"github.com/zhwei820/gcron_test.Test_cronAddSingleton.func1(* * * * * *)\" ends","component":"test","x_request_id":null}
{"log_level":"debug","ts":"2022-12-03 19:59:36.745 CST","caller":"gcron/gcron_entry.go:196","msg":"cron job \"github.com/zhwei820/gcron_test.Test_cronAddSingleton.func1(* * * * * *)\" starts","component":"test","x_request_id":null}
{"log_level":"info","ts":"2022-12-03 19:59:36.745 CST","caller":"gcron/gcron_z_example_1_test.go:21","msg":"doing","component":"test","x_request_id":null}
{"log_level":"debug","ts":"2022-12-03 19:59:37.246 CST","caller":"gcron/gcron_entry.go:196","msg":"cron job \"github.com/zhwei820/gcron_test.Test_cronAddSingleton.func1(* * * * * *)\" ends","component":"test","x_request_id":null}
{"log_level":"debug","ts":"2022-12-03 19:59:37.746 CST","caller":"gcron/gcron_entry.go:196","msg":"cron job \"github.com/zhwei820/gcron_test.Test_cronAddSingleton.func1(* * * * * *)\" starts","component":"test","x_request_id":null}
{"log_level":"info","ts":"2022-12-03 19:59:37.746 CST","caller":"gcron/gcron_z_example_1_test.go:21","msg":"doing","component":"test","x_request_id":null}
{"log_level":"debug","ts":"2022-12-03 19:59:38.246 CST","caller":"gcron/gcron_entry.go:196","msg":"cron job \"github.com/zhwei820/gcron_test.Test_cronAddSingleton.func1(* * * * * *)\" ends","component":"test","x_request_id":null}
{"log_level":"debug","ts":"2022-12-03 19:59:38.745 CST","caller":"gcron/gcron_entry.go:196","msg":"cron job \"github.com/zhwei820/gcron_test.Test_cronAddSingleton.func1(* * * * * *)\" starts","component":"test","x_request_id":null}
{"log_level":"info","ts":"2022-12-03 19:59:38.745 CST","caller":"gcron/gcron_z_example_1_test.go:21","msg":"doing","component":"test","x_request_id":null}
{"log_level":"debug","ts":"2022-12-03 19:59:39.245 CST","caller":"gcron/gcron_entry.go:196","msg":"cron job \"github.com/zhwei820/gcron_test.Test_cronAddSingleton.func1(* * * * * *)\" ends","component":"test","x_request_id":null}
{"log_level":"debug","ts":"2022-12-03 19:59:39.745 CST","caller":"gcron/gcron_entry.go:196","msg":"cron job \"github.com/zhwei820/gcron_test.Test_cronAddSingleton.func1(* * * * * *)\" starts","component":"test","x_request_id":null}
{"log_level":"info","ts":"2022-12-03 19:59:39.745 CST","caller":"gcron/gcron_z_example_1_test.go:21","msg":"doing","component":"test","x_request_id":null}
{"log_level":"debug","ts":"2022-12-03 19:59:40.246 CST","caller":"gcron/gcron_entry.go:196","msg":"cron job \"github.com/zhwei820/gcron_test.Test_cronAddSingleton.func1(* * * * * *)\" ends","component":"test","x_request_id":null}
{"log_level":"debug","ts":"2022-12-03 19:59:40.746 CST","caller":"gcron/gcron_entry.go:196","msg":"cron job \"github.com/zhwei820/gcron_test.Test_cronAddSingleton.func1(* * * * * *)\" starts","component":"test","x_request_id":null}
{"log_level":"info","ts":"2022-12-03 19:59:40.746 CST","caller":"gcron/gcron_z_example_1_test.go:21","msg":"doing","component":"test","x_request_id":null}
{"log_level":"debug","ts":"2022-12-03 19:59:41.246 CST","caller":"gcron/gcron_entry.go:196","msg":"cron job \"github.com/zhwei820/gcron_test.Test_cronAddSingleton.func1(* * * * * *)\" ends","component":"test","x_request_id":null}
{"log_level":"debug","ts":"2022-12-03 19:59:41.745 CST","caller":"gcron/gcron_entry.go:196","msg":"cron job \"github.com/zhwei820/gcron_test.Test_cronAddSingleton.func1(* * * * * *)\" starts","component":"test","x_request_id":null}
{"log_level":"info","ts":"2022-12-03 19:59:41.745 CST","caller":"gcron/gcron_z_example_1_test.go:21","msg":"doing","component":"test","x_request_id":null}
{"log_level":"debug","ts":"2022-12-03 19:59:42.246 CST","caller":"gcron/gcron_entry.go:196","msg":"cron job \"github.com/zhwei820/gcron_test.Test_cronAddSingleton.func1(* * * * * *)\" ends","component":"test","x_request_id":null}
{"log_level":"debug","ts":"2022-12-03 19:59:42.745 CST","caller":"gcron/gcron_entry.go:196","msg":"cron job \"github.com/zhwei820/gcron_test.Test_cronAddSingleton.func1(* * * * * *)\" starts","component":"test","x_request_id":null}
{"log_level":"info","ts":"2022-12-03 19:59:42.746 CST","caller":"gcron/gcron_z_example_1_test.go:21","msg":"doing","component":"test","x_request_id":null}
{"log_level":"debug","ts":"2022-12-03 19:59:43.246 CST","caller":"gcron/gcron_entry.go:196","msg":"cron job \"github.com/zhwei820/gcron_test.Test_cronAddSingleton.func1(* * * * * *)\" ends","component":"test","x_request_id":null}
{"log_level":"debug","ts":"2022-12-03 19:59:43.746 CST","caller":"gcron/gcron_entry.go:196","msg":"cron job \"github.com/zhwei820/gcron_test.Test_cronAddSingleton.func1(* * * * * *)\" starts","component":"test","x_request_id":null}
{"log_level":"info","ts":"2022-12-03 19:59:43.746 CST","caller":"gcron/gcron_z_example_1_test.go:21","msg":"doing","component":"test","x_request_id":null}
{"log_level":"debug","ts":"2022-12-03 19:59:44.247 CST","caller":"gcron/gcron_entry.go:196","msg":"cron job \"github.com/zhwei820/gcron_test.Test_cronAddSingleton.func1(* * * * * *)\" ends","component":"test","x_request_id":null}
{"log_level":"debug","ts":"2022-12-03 19:59:44.745 CST","caller":"gcron/gcron_entry.go:196","msg":"cron job \"github.com/zhwei820/gcron_test.Test_cronAddSingleton.func1(* * * * * *)\" starts","component":"test","x_request_id":null}
{"log_level":"info","ts":"2022-12-03 19:59:44.745 CST","caller":"gcron/gcron_z_example_1_test.go:21","msg":"doing","component":"test","x_request_id":null}
{"log_level":"debug","ts":"2022-12-03 19:59:45.246 CST","caller":"gcron/gcron_entry.go:196","msg":"cron job \"github.com/zhwei820/gcron_test.Test_cronAddSingleton.func1(* * * * * *)\" ends","component":"test","x_request_id":null}
{"log_level":"debug","ts":"2022-12-03 19:59:45.746 CST","caller":"gcron/gcron_entry.go:196","msg":"cron job \"github.com/zhwei820/gcron_test.Test_cronAddSingleton.func1(* * * * * *)\" starts","component":"test","x_request_id":null}
{"log_level":"info","ts":"2022-12-03 19:59:45.746 CST","caller":"gcron/gcron_z_example_1_test.go:21","msg":"doing","component":"test","x_request_id":null}
{"log_level":"debug","ts":"2022-12-03 19:59:46.247 CST","caller":"gcron/gcron_entry.go:196","msg":"cron job \"github.com/zhwei820/gcron_test.Test_cronAddSingleton.func1(* * * * * *)\" ends","component":"test","x_request_id":null}
{"log_level":"debug","ts":"2022-12-03 19:59:46.745 CST","caller":"gcron/gcron_entry.go:196","msg":"cron job \"github.com/zhwei820/gcron_test.Test_cronAddSingleton.func1(* * * * * *)\" starts","component":"test","x_request_id":null}
{"log_level":"info","ts":"2022-12-03 19:59:46.746 CST","caller":"gcron/gcron_z_example_1_test.go:21","msg":"doing","component":"test","x_request_id":null}
{"log_level":"debug","ts":"2022-12-03 19:59:47.246 CST","caller":"gcron/gcron_entry.go:196","msg":"cron job \"github.com/zhwei820/gcron_test.Test_cronAddSingleton.func1(* * * * * *)\" ends","component":"test","x_request_id":null}
{"log_level":"debug","ts":"2022-12-03 19:59:47.746 CST","caller":"gcron/gcron_entry.go:196","msg":"cron job \"github.com/zhwei820/gcron_test.Test_cronAddSingleton.func1(* * * * * *)\" starts","component":"test","x_request_id":null}
{"log_level":"info","ts":"2022-12-03 19:59:47.746 CST","caller":"gcron/gcron_z_example_1_test.go:21","msg":"doing","component":"test","x_request_id":null}
{"log_level":"debug","ts":"2022-12-03 19:59:48.246 CST","caller":"gcron/gcron_entry.go:196","msg":"cron job \"github.com/zhwei820/gcron_test.Test_cronAddSingleton.func1(* * * * * *)\" ends","component":"test","x_request_id":null}
{"log_level":"debug","ts":"2022-12-03 19:59:48.745 CST","caller":"gcron/gcron_entry.go:196","msg":"cron job \"github.com/zhwei820/gcron_test.Test_cronAddSingleton.func1(* * * * * *)\" starts","component":"test","x_request_id":null}
{"log_level":"info","ts":"2022-12-03 19:59:48.745 CST","caller":"gcron/gcron_z_example_1_test.go:21","msg":"doing","component":"test","x_request_id":null}
{"log_level":"debug","ts":"2022-12-03 19:59:49.246 CST","caller":"gcron/gcron_entry.go:196","msg":"cron job \"github.com/zhwei820/gcron_test.Test_cronAddSingleton.func1(* * * * * *)\" ends","component":"test","x_request_id":null}
{"log_level":"debug","ts":"2022-12-03 19:59:49.746 CST","caller":"gcron/gcron_entry.go:196","msg":"cron job \"github.com/zhwei820/gcron_test.Test_cronAddSingleton.func1(* * * * * *)\" starts","component":"test","x_request_id":null}
{"log_level":"info","ts":"2022-12-03 19:59:49.746 CST","caller":"gcron/gcron_z_example_1_test.go:21","msg":"doing","component":"test","x_request_id":null}
{"log_level":"debug","ts":"2022-12-03 19:59:50.247 CST","caller":"gcron/gcron_entry.go:196","msg":"cron job \"github.com/zhwei820/gcron_test.Test_cronAddSingleton.func1(* * * * * *)\" ends","component":"test","x_request_id":null}
{"log_level":"debug","ts":"2022-12-03 19:59:50.746 CST","caller":"gcron/gcron_entry.go:196","msg":"cron job \"github.com/zhwei820/gcron_test.Test_cronAddSingleton.func1(* * * * * *)\" starts","component":"test","x_request_id":null}
{"log_level":"info","ts":"2022-12-03 19:59:50.746 CST","caller":"gcron/gcron_z_example_1_test.go:21","msg":"doing","component":"test","x_request_id":null}
{"log_level":"debug","ts":"2022-12-03 19:59:51.246 CST","caller":"gcron/gcron_entry.go:196","msg":"cron job \"github.com/zhwei820/gcron_test.Test_cronAddSingleton.func1(* * * * * *)\" ends","component":"test","x_request_id":null}
{"log_level":"debug","ts":"2022-12-03 19:59:51.746 CST","caller":"gcron/gcron_entry.go:196","msg":"cron job \"github.com/zhwei820/gcron_test.Test_cronAddSingleton.func1(* * * * * *)\" starts","component":"test","x_request_id":null}
{"log_level":"info","ts":"2022-12-03 19:59:51.746 CST","caller":"gcron/gcron_z_example_1_test.go:21","msg":"doing","component":"test","x_request_id":null}
{"log_level":"debug","ts":"2022-12-03 19:59:52.246 CST","caller":"gcron/gcron_entry.go:196","msg":"cron job \"github.com/zhwei820/gcron_test.Test_cronAddSingleton.func1(* * * * * *)\" ends","component":"test","x_request_id":null}
{"log_level":"debug","ts":"2022-12-03 19:59:52.745 CST","caller":"gcron/gcron_entry.go:196","msg":"cron job \"github.com/zhwei820/gcron_test.Test_cronAddSingleton.func1(* * * * * *)\" starts","component":"test","x_request_id":null}
{"log_level":"info","ts":"2022-12-03 19:59:52.745 CST","caller":"gcron/gcron_z_example_1_test.go:21","msg":"doing","component":"test","x_request_id":null}
{"log_level":"debug","ts":"2022-12-03 19:59:53.246 CST","caller":"gcron/gcron_entry.go:196","msg":"cron job \"github.com/zhwei820/gcron_test.Test_cronAddSingleton.func1(* * * * * *)\" ends","component":"test","x_request_id":null}
{"log_level":"debug","ts":"2022-12-03 19:59:53.745 CST","caller":"gcron/gcron_entry.go:196","msg":"cron job \"github.com/zhwei820/gcron_test.Test_cronAddSingleton.func1(* * * * * *)\" starts","component":"test","x_request_id":null}
{"log_level":"info","ts":"2022-12-03 19:59:53.745 CST","caller":"gcron/gcron_z_example_1_test.go:21","msg":"doing","component":"test","x_request_id":null}
{"log_level":"debug","ts":"2022-12-03 19:59:54.246 CST","caller":"gcron/gcron_entry.go:196","msg":"cron job \"github.com/zhwei820/gcron_test.Test_cronAddSingleton.func1(* * * * * *)\" ends","component":"test","x_request_id":null}
{"log_level":"debug","ts":"2022-12-03 19:59:54.746 CST","caller":"gcron/gcron_entry.go:196","msg":"cron job \"github.com/zhwei820/gcron_test.Test_cronAddSingleton.func1(* * * * * *)\" starts","component":"test","x_request_id":null}
{"log_level":"info","ts":"2022-12-03 19:59:54.746 CST","caller":"gcron/gcron_z_example_1_test.go:21","msg":"doing","component":"test","x_request_id":null}
{"log_level":"debug","ts":"2022-12-03 19:59:55.246 CST","caller":"gcron/gcron_entry.go:196","msg":"cron job \"github.com/zhwei820/gcron_test.Test_cronAddSingleton.func1(* * * * * *)\" ends","component":"test","x_request_id":null}
{"log_level":"debug","ts":"2022-12-03 19:59:55.746 CST","caller":"gcron/gcron_entry.go:196","msg":"cron job \"github.com/zhwei820/gcron_test.Test_cronAddSingleton.func1(* * * * * *)\" starts","component":"test","x_request_id":null}
{"log_level":"info","ts":"2022-12-03 19:59:55.746 CST","caller":"gcron/gcron_z_example_1_test.go:21","msg":"doing","component":"test","x_request_id":null}
{"log_level":"debug","ts":"2022-12-03 19:59:56.246 CST","caller":"gcron/gcron_entry.go:196","msg":"cron job \"github.com/zhwei820/gcron_test.Test_cronAddSingleton.func1(* * * * * *)\" ends","component":"test","x_request_id":null}
{"log_level":"debug","ts":"2022-12-03 19:59:56.746 CST","caller":"gcron/gcron_entry.go:196","msg":"cron job \"github.com/zhwei820/gcron_test.Test_cronAddSingleton.func1(* * * * * *)\" starts","component":"test","x_request_id":null}
{"log_level":"info","ts":"2022-12-03 19:59:56.746 CST","caller":"gcron/gcron_z_example_1_test.go:21","msg":"doing","component":"test","x_request_id":null}
{"log_level":"debug","ts":"2022-12-03 19:59:57.247 CST","caller":"gcron/gcron_entry.go:196","msg":"cron job \"github.com/zhwei820/gcron_test.Test_cronAddSingleton.func1(* * * * * *)\" ends","component":"test","x_request_id":null}
{"log_level":"debug","ts":"2022-12-03 19:59:57.746 CST","caller":"gcron/gcron_entry.go:196","msg":"cron job \"github.com/zhwei820/gcron_test.Test_cronAddSingleton.func1(* * * * * *)\" starts","component":"test","x_request_id":null}
{"log_level":"info","ts":"2022-12-03 19:59:57.746 CST","caller":"gcron/gcron_z_example_1_test.go:21","msg":"doing","component":"test","x_request_id":null}
{"log_level":"debug","ts":"2022-12-03 19:59:58.246 CST","caller":"gcron/gcron_entry.go:196","msg":"cron job \"github.com/zhwei820/gcron_test.Test_cronAddSingleton.func1(* * * * * *)\" ends","component":"test","x_request_id":null}
{"log_level":"debug","ts":"2022-12-03 19:59:58.746 CST","caller":"gcron/gcron_entry.go:196","msg":"cron job \"github.com/zhwei820/gcron_test.Test_cronAddSingleton.func1(* * * * * *)\" starts","component":"test","x_request_id":null}
{"log_level":"info","ts":"2022-12-03 19:59:58.746 CST","caller":"gcron/gcron_z_example_1_test.go:21","msg":"doing","component":"test","x_request_id":null}
{"log_level":"debug","ts":"2022-12-03 19:59:59.246 CST","caller":"gcron/gcron_entry.go:196","msg":"cron job \"github.com/zhwei820/gcron_test.Test_cronAddSingleton.func1(* * * * * *)\" ends","component":"test","x_request_id":null}
{"log_level":"debug","ts":"2022-12-03 19:59:59.745 CST","caller":"gcron/gcron_entry.go:196","msg":"cron job \"github.com/zhwei820/gcron_test.Test_cronAddSingleton.func1(* * * * * *)\" starts","component":"test","x_request_id":null}
{"log_level":"info","ts":"2022-12-03 19:59:59.745 CST","caller":"gcron/gcron_z_example_1_test.go:21","msg":"doing","component":"test","x_request_id":null}
